<?xml version="1.0" encoding="UTF-8"?>
<testsuite name="com.brigdelabs.quantitymeasurement.QuantityTest" tests="1" skipped="0" failures="0" errors="0" timestamp="2021-09-22T13:00:33" hostname="LAPTOP-V004507B" time="0.019">
  <properties/>
  <testcase name="given2inand5cm_whencompare_shouldreturntrue()" classname="com.brigdelabs.quantitymeasurement.QuantityTest" time="0.019"/>
  <system-out><![CDATA[]]></system-out>
  <system-err><![CDATA[]]></system-err>
</testsuite>
