<?xml version="1.0" encoding="UTF-8"?>
<testsuite name="com.brigdelabs.quantitymeasurement.QuantityTest" tests="1" skipped="0" failures="0" errors="0" timestamp="2021-09-24T03:17:35" hostname="LAPTOP-V004507B" time="0.031">
  <properties/>
  <testcase name="given212FahrenheitAnd100Celsius_ShouldReturnTrue()" classname="com.brigdelabs.quantitymeasurement.QuantityTest" time="0.031"/>
  <system-out><![CDATA[]]></system-out>
  <system-err><![CDATA[]]></system-err>
</testsuite>
